\BOOKMARK [0][-]{chapter.1}{\376\377\000I\000n\000t\000r\000o\000d\000u\000c\000t\000i\000o\000n}{}% 1
\BOOKMARK [1][-]{section.1.1}{\376\377\000W\000h\000y\000\040\000`\000`\000P\000L\000O\000V\000E\000R\000'\000'\000?}{chapter.1}% 2
\BOOKMARK [0][-]{chapter.2}{\376\377\000E\000v\000e\000n\000t\000,\000\040\000M\000o\000d\000e\000,\000\040\000a\000n\000d\000\040\000C\000o\000n\000t\000e\000x\000t}{}% 3
\BOOKMARK [1][-]{section.2.1}{\376\377\000O\000v\000e\000r\000v\000i\000e\000w}{chapter.2}% 4
\BOOKMARK [1][-]{section.2.2}{\376\377\000C\000o\000n\000t\000e\000x\000t\000\040\000c\000o\000d\000e\000s\000\040\000t\000h\000a\000t\000\040\000c\000a\000n\000\040\000b\000e\000\040\000u\000s\000e\000d\000\040\000w\000i\000t\000h\000\040\000a\000n\000y\000\040\000c\000a\000t\000e\000g\000o\000r\000y}{chapter.2}% 5
\BOOKMARK [1][-]{section.2.3}{\376\377\000A\000u\000x\000i\000l\000i\000a\000r\000y\000\040\000m\000o\000d\000e\000s}{chapter.2}% 6
\BOOKMARK [1][-]{section.2.4}{\376\377\000C\000h\000a\000n\000g\000e\000s\000\040\000i\000n\000\040\000t\000r\000e\000a\000t\000m\000e\000n\000t\000\040\000o\000f\000\040\000p\000o\000l\000i\000t\000i\000c\000a\000l\000\040\000e\000n\000t\000i\000t\000i\000e\000s}{chapter.2}% 7
\BOOKMARK [2][-]{subsection.2.4.1}{\376\377\000`\000`\000a\000c\000t\000o\000r\000'\000'\000\040\000a\000n\000d\000\040\000`\000`\000r\000e\000c\000i\000p\000i\000e\000n\000t\000'\000'\000\040\000r\000e\000p\000l\000a\000c\000e\000\040\000`\000`\000s\000o\000u\000r\000c\000e\000'\000'\000\040\000a\000n\000d\000\040\000`\000`\000t\000a\000r\000g\000e\000t\000'\000'}{section.2.4}% 8
\BOOKMARK [2][-]{subsection.2.4.2}{\376\377\000C\000o\000m\000p\000o\000u\000n\000d\000\040\000a\000n\000d\000\040\000R\000e\000c\000i\000p\000r\000o\000c\000a\000l\000\040\000A\000c\000t\000o\000r\000s}{section.2.4}% 9
\BOOKMARK [1][-]{section.2.5}{\376\377\000N\000u\000m\000e\000r\000i\000c\000\040\000c\000o\000n\000f\000l\000i\000c\000t\000/\000c\000o\000o\000p\000e\000r\000a\000t\000i\000o\000n\000\040\000s\000c\000o\000r\000e\000s}{chapter.2}% 10
\BOOKMARK [0][-]{chapter.3}{\376\377\000E\000v\000e\000n\000t\000\040\000C\000a\000t\000e\000g\000o\000r\000i\000e\000s}{}% 11
\BOOKMARK [1][-]{section.3.1}{\376\377\000A\000G\000R\000E\000E}{chapter.3}% 12
\BOOKMARK [2][-]{subsection.3.1.1}{\376\377\000P\000o\000t\000e\000n\000t\000i\000a\000l\000\040\000a\000m\000b\000i\000g\000u\000i\000t\000i\000e\000s}{section.3.1}% 13
\BOOKMARK [2][-]{subsection.3.1.2}{\376\377\000R\000e\000q\000u\000i\000r\000e\000s\000\040\000r\000e\000c\000i\000p\000i\000e\000n\000t\000:\000\040\000N\000o}{section.3.1}% 14
\BOOKMARK [2][-]{subsection.3.1.3}{\376\377\000S\000u\000p\000p\000l\000e\000m\000e\000n\000t\000a\000r\000y\000\040\000f\000i\000e\000l\000d\000s\000:\000\040\000N\000o\000n\000e}{section.3.1}% 15
\BOOKMARK [2][-]{subsection.3.1.4}{\376\377\000Q\000u\000a\000d\000\040\000c\000a\000t\000e\000g\000o\000r\000y\000:\000\040\000V\000E\000R\000B\000A\000L\000\040\000C\000O\000O\000P\000E\000R\000A\000T\000I\000O\000N}{section.3.1}% 16
\BOOKMARK [1][-]{section.3.2}{\376\377\000C\000O\000N\000S\000U\000L\000T}{chapter.3}% 17
\BOOKMARK [2][-]{subsection.3.2.1}{\376\377\000P\000o\000t\000e\000n\000t\000i\000a\000l\000\040\000a\000m\000b\000i\000g\000u\000i\000t\000i\000e\000s}{section.3.2}% 18
\BOOKMARK [2][-]{subsection.3.2.2}{\376\377\000R\000e\000q\000u\000i\000r\000e\000s\000\040\000r\000e\000c\000i\000p\000i\000e\000n\000t\000:\000\040\000N\000o}{section.3.2}% 19
\BOOKMARK [2][-]{subsection.3.2.3}{\376\377\000S\000u\000p\000p\000l\000e\000m\000e\000n\000t\000a\000r\000y\000\040\000f\000i\000e\000l\000d\000s\000:\000\040\000m\000o\000d\000e\000s}{section.3.2}% 20
\BOOKMARK [2][-]{subsection.3.2.4}{\376\377\000Q\000u\000a\000d\000\040\000c\000a\000t\000e\000g\000o\000r\000y\000:\000\040\000V\000E\000R\000B\000A\000L\000\040\000C\000O\000O\000P\000E\000R\000A\000T\000I\000O\000N}{section.3.2}% 21
\BOOKMARK [1][-]{section.3.3}{\376\377\000S\000U\000P\000P\000O\000R\000T}{chapter.3}% 22
\BOOKMARK [2][-]{subsection.3.3.1}{\376\377\000R\000e\000q\000u\000i\000r\000e\000s\000\040\000r\000e\000c\000i\000p\000i\000e\000n\000t\000:\000\040\000N\000o}{section.3.3}% 23
\BOOKMARK [2][-]{subsection.3.3.2}{\376\377\000P\000o\000t\000e\000n\000t\000i\000a\000l\000\040\000a\000m\000b\000i\000g\000u\000i\000t\000i\000e\000s}{section.3.3}% 24
\BOOKMARK [2][-]{subsection.3.3.3}{\376\377\000S\000u\000p\000p\000l\000e\000m\000e\000n\000t\000a\000r\000y\000\040\000f\000i\000e\000l\000d\000s\000:\000\040\000N\000o\000n\000e}{section.3.3}% 25
\BOOKMARK [2][-]{subsection.3.3.4}{\376\377\000Q\000u\000a\000d\000\040\000c\000a\000t\000e\000g\000o\000r\000y\000:\000\040\000V\000E\000R\000B\000A\000L\000\040\000C\000O\000O\000P\000E\000R\000A\000T\000I\000O\000N}{section.3.3}% 26
\BOOKMARK [1][-]{section.3.4}{\376\377\000C\000O\000N\000C\000E\000D\000E}{chapter.3}% 27
\BOOKMARK [2][-]{subsection.3.4.1}{\376\377\000R\000e\000q\000u\000i\000r\000e\000s\000\040\000r\000e\000c\000i\000p\000i\000e\000n\000t\000:\000\040\000N\000o}{section.3.4}% 28
\BOOKMARK [2][-]{subsection.3.4.2}{\376\377\000P\000o\000t\000e\000n\000t\000i\000a\000l\000\040\000a\000m\000b\000i\000g\000u\000i\000t\000i\000e\000s}{section.3.4}% 29
\BOOKMARK [2][-]{subsection.3.4.3}{\376\377\000S\000u\000p\000p\000l\000e\000m\000e\000n\000t\000a\000r\000y\000\040\000f\000i\000e\000l\000d\000s\000:\000\040\000N\000o\000n\000e}{section.3.4}% 30
\BOOKMARK [2][-]{subsection.3.4.4}{\376\377\000Q\000u\000a\000d\000\040\000c\000a\000t\000e\000g\000o\000r\000y\000:\000\040\000V\000E\000R\000B\000A\000L\000\040\000C\000O\000O\000P\000E\000R\000A\000T\000I\000O\000N}{section.3.4}% 31
\BOOKMARK [1][-]{section.3.5}{\376\377\000C\000O\000O\000P\000E\000R\000A\000T\000E}{chapter.3}% 32
\BOOKMARK [2][-]{subsection.3.5.1}{\376\377\000P\000o\000t\000e\000n\000t\000i\000a\000l\000\040\000a\000m\000b\000i\000g\000u\000i\000t\000i\000e\000s}{section.3.5}% 33
\BOOKMARK [2][-]{subsection.3.5.2}{\376\377\000R\000e\000q\000u\000i\000r\000e\000s\000\040\000r\000e\000c\000i\000p\000i\000e\000n\000t\000:\000\040\000Y\000e\000s}{section.3.5}% 34
\BOOKMARK [2][-]{subsection.3.5.3}{\376\377\000S\000u\000p\000p\000l\000e\000m\000e\000n\000t\000a\000r\000y\000\040\000f\000i\000e\000l\000d\000s\000:\000\040\000N\000o\000n\000e}{section.3.5}% 35
\BOOKMARK [2][-]{subsection.3.5.4}{\376\377\000Q\000u\000a\000d\000\040\000c\000a\000t\000e\000g\000o\000r\000y\000:\000\040\000M\000A\000T\000E\000R\000I\000A\000L\000\040\000C\000O\000O\000P\000E\000R\000A\000T\000I\000O\000N}{section.3.5}% 36
\BOOKMARK [1][-]{section.3.6}{\376\377\000A\000I\000D}{chapter.3}% 37
\BOOKMARK [2][-]{subsection.3.6.1}{\376\377\000R\000e\000q\000u\000i\000r\000e\000s\000\040\000r\000e\000c\000i\000p\000i\000e\000n\000t\000:\000\040\000Y\000e\000s}{section.3.6}% 38
\BOOKMARK [2][-]{subsection.3.6.2}{\376\377\000P\000o\000t\000e\000n\000t\000i\000a\000l\000\040\000a\000m\000b\000i\000g\000u\000i\000t\000i\000e\000s}{section.3.6}% 39
\BOOKMARK [2][-]{subsection.3.6.3}{\376\377\000S\000u\000p\000p\000l\000e\000m\000e\000n\000t\000a\000r\000y\000\040\000f\000i\000e\000l\000d\000s\000:\000\040\000N\000o\000n\000e}{section.3.6}% 40
\BOOKMARK [2][-]{subsection.3.6.4}{\376\377\000Q\000u\000a\000d\000\040\000c\000a\000t\000e\000g\000o\000r\000y\000:\000\040\000M\000A\000T\000E\000R\000I\000A\000L\000\040\000C\000O\000O\000P\000E\000R\000A\000T\000I\000O\000N}{section.3.6}% 41
\BOOKMARK [1][-]{section.3.7}{\376\377\000R\000E\000T\000R\000E\000A\000T}{chapter.3}% 42
\BOOKMARK [2][-]{subsection.3.7.1}{\376\377\000R\000e\000q\000u\000i\000r\000e\000s\000\040\000r\000e\000c\000i\000p\000i\000e\000n\000t\000:\000\040\000N\000o}{section.3.7}% 43
\BOOKMARK [2][-]{subsection.3.7.2}{\376\377\000P\000o\000t\000e\000n\000t\000i\000a\000l\000\040\000a\000m\000b\000i\000g\000u\000i\000t\000i\000e\000s}{section.3.7}% 44
\BOOKMARK [2][-]{subsection.3.7.3}{\376\377\000S\000u\000p\000p\000l\000e\000m\000e\000n\000t\000a\000r\000y\000\040\000f\000i\000e\000l\000d\000s\000:\000\040\000m\000o\000d\000e\000s}{section.3.7}% 45
\BOOKMARK [2][-]{subsection.3.7.4}{\376\377\000Q\000u\000a\000d\000\040\000c\000a\000t\000e\000g\000o\000r\000y\000:\000\040\000M\000A\000T\000E\000R\000I\000A\000L\000\040\000C\000O\000O\000P\000E\000R\000A\000T\000I\000O\000N}{section.3.7}% 46
\BOOKMARK [1][-]{section.3.8}{\376\377\000R\000E\000Q\000U\000E\000S\000T}{chapter.3}% 47
\BOOKMARK [2][-]{subsection.3.8.1}{\376\377\000R\000e\000q\000u\000i\000r\000e\000s\000\040\000r\000e\000c\000i\000p\000i\000e\000n\000t\000:\000\040\000N\000o}{section.3.8}% 48
\BOOKMARK [2][-]{subsection.3.8.2}{\376\377\000P\000o\000t\000e\000n\000t\000i\000a\000l\000\040\000a\000m\000b\000i\000g\000u\000i\000t\000i\000e\000s}{section.3.8}% 49
\BOOKMARK [2][-]{subsection.3.8.3}{\376\377\000S\000u\000p\000p\000l\000e\000m\000e\000n\000t\000a\000r\000y\000\040\000f\000i\000e\000l\000d\000s\000:\000\040\000m\000o\000d\000e\000s}{section.3.8}% 50
\BOOKMARK [2][-]{subsection.3.8.4}{\376\377\000Q\000u\000a\000d\000\040\000c\000a\000t\000e\000g\000o\000r\000y\000:\000\040\000V\000E\000R\000B\000A\000L\000\040\000C\000O\000N\000F\000L\000I\000C\000T}{section.3.8}% 51
\BOOKMARK [1][-]{section.3.9}{\376\377\000A\000C\000C\000U\000S\000E}{chapter.3}% 52
\BOOKMARK [2][-]{subsection.3.9.1}{\376\377\000R\000e\000q\000u\000i\000r\000e\000s\000\040\000r\000e\000c\000i\000p\000i\000e\000n\000t\000:\000\040\000N\000o}{section.3.9}% 53
\BOOKMARK [2][-]{subsection.3.9.2}{\376\377\000P\000o\000t\000e\000n\000t\000i\000a\000l\000\040\000a\000m\000b\000i\000g\000u\000i\000t\000i\000e\000s}{section.3.9}% 54
\BOOKMARK [2][-]{subsection.3.9.3}{\376\377\000S\000u\000p\000p\000l\000e\000m\000e\000n\000t\000a\000r\000y\000\040\000f\000i\000e\000l\000d\000s\000:\000\040\000m\000o\000d\000e\000s}{section.3.9}% 55
\BOOKMARK [2][-]{subsection.3.9.4}{\376\377\000Q\000u\000a\000d\000\040\000c\000a\000t\000e\000g\000o\000r\000y\000:\000\040\000V\000E\000R\000B\000A\000L\000\040\000C\000O\000N\000F\000L\000I\000C\000T}{section.3.9}% 56
\BOOKMARK [1][-]{section.3.10}{\376\377\000R\000E\000J\000E\000C\000T}{chapter.3}% 57
\BOOKMARK [2][-]{subsection.3.10.1}{\376\377\000R\000e\000q\000u\000i\000r\000e\000s\000\040\000r\000e\000c\000i\000p\000i\000e\000n\000t\000:\000\040\000N\000o}{section.3.10}% 58
\BOOKMARK [2][-]{subsection.3.10.2}{\376\377\000P\000o\000t\000e\000n\000t\000i\000a\000l\000\040\000a\000m\000b\000i\000g\000u\000i\000t\000i\000e\000s}{section.3.10}% 59
\BOOKMARK [2][-]{subsection.3.10.3}{\376\377\000S\000u\000p\000p\000l\000e\000m\000e\000n\000t\000a\000r\000y\000\040\000f\000i\000e\000l\000d\000s\000:\000\040\000m\000o\000d\000e\000s}{section.3.10}% 60
\BOOKMARK [2][-]{subsection.3.10.4}{\376\377\000Q\000u\000a\000d\000\040\000c\000a\000t\000e\000g\000o\000r\000y\000:\000\040\000V\000E\000R\000B\000A\000L\000\040\000C\000O\000N\000F\000L\000I\000C\000T}{section.3.10}% 61
\BOOKMARK [1][-]{section.3.11}{\376\377\000T\000H\000R\000E\000A\000T\000E\000N}{chapter.3}% 62
\BOOKMARK [2][-]{subsection.3.11.1}{\376\377\000R\000e\000q\000u\000i\000r\000e\000s\000\040\000r\000e\000c\000i\000p\000i\000e\000n\000t\000:\000\040\000N\000o}{section.3.11}% 63
\BOOKMARK [2][-]{subsection.3.11.2}{\376\377\000P\000o\000t\000e\000n\000t\000i\000a\000l\000\040\000a\000m\000b\000i\000g\000u\000i\000t\000i\000e\000s}{section.3.11}% 64
\BOOKMARK [2][-]{subsection.3.11.3}{\376\377\000S\000u\000p\000p\000l\000e\000m\000e\000n\000t\000a\000r\000y\000\040\000f\000i\000e\000l\000d\000s\000:\000\040\000m\000o\000d\000e}{section.3.11}% 65
\BOOKMARK [2][-]{subsection.3.11.4}{\376\377\000Q\000u\000a\000d\000\040\000c\000a\000t\000e\000g\000o\000r\000y\000:\000\040\000V\000E\000R\000B\000A\000L\000\040\000C\000O\000N\000F\000L\000I\000C\000T}{section.3.11}% 66
\BOOKMARK [1][-]{section.3.12}{\376\377\000P\000R\000O\000T\000E\000S\000T}{chapter.3}% 67
\BOOKMARK [2][-]{subsection.3.12.1}{\376\377\000R\000e\000q\000u\000i\000r\000e\000s\000\040\000r\000e\000c\000i\000p\000i\000e\000n\000t\000:\000\040\000N\000o}{section.3.12}% 68
\BOOKMARK [2][-]{subsection.3.12.2}{\376\377\000P\000o\000t\000e\000n\000t\000i\000a\000l\000\040\000a\000m\000b\000i\000g\000u\000i\000t\000i\000e\000s}{section.3.12}% 69
\BOOKMARK [2][-]{subsection.3.12.3}{\376\377\000S\000u\000p\000p\000l\000e\000m\000e\000n\000t\000a\000r\000y\000\040\000f\000i\000e\000l\000d\000s\000:}{section.3.12}% 70
\BOOKMARK [2][-]{subsection.3.12.4}{\376\377\000Q\000u\000a\000d\000\040\000c\000a\000t\000e\000g\000o\000r\000y\000:\000\040\000M\000A\000T\000E\000R\000I\000A\000L\000\040\000C\000O\000N\000F\000L\000I\000C\000T}{section.3.12}% 71
\BOOKMARK [1][-]{section.3.13}{\376\377\000S\000A\000N\000C\000T\000I\000O\000N}{chapter.3}% 72
\BOOKMARK [2][-]{subsection.3.13.1}{\376\377\000R\000e\000q\000u\000i\000r\000e\000s\000\040\000r\000e\000c\000i\000p\000i\000e\000n\000t\000:\000\040\000Y\000e\000s}{section.3.13}% 73
\BOOKMARK [2][-]{subsection.3.13.2}{\376\377\000P\000o\000t\000e\000n\000t\000i\000a\000l\000\040\000a\000m\000b\000i\000g\000u\000i\000t\000i\000e\000s}{section.3.13}% 74
\BOOKMARK [2][-]{subsection.3.13.3}{\376\377\000S\000u\000p\000p\000l\000e\000m\000e\000n\000t\000a\000r\000y\000\040\000f\000i\000e\000l\000d\000s\000:\000\040\000m\000o\000d\000e}{section.3.13}% 75
\BOOKMARK [2][-]{subsection.3.13.4}{\376\377\000Q\000u\000a\000d\000\040\000c\000a\000t\000e\000g\000o\000r\000y\000:\000\040\000M\000A\000T\000E\000R\000I\000A\000L\000\040\000C\000O\000N\000F\000L\000I\000C\000T}{section.3.13}% 76
\BOOKMARK [1][-]{section.3.14}{\376\377\000M\000O\000B\000I\000L\000I\000Z\000E}{chapter.3}% 77
\BOOKMARK [2][-]{subsection.3.14.1}{\376\377\000P\000o\000t\000e\000n\000t\000i\000a\000l\000\040\000a\000m\000b\000i\000g\000u\000i\000t\000i\000e\000s}{section.3.14}% 78
\BOOKMARK [2][-]{subsection.3.14.2}{\376\377\000R\000e\000q\000u\000i\000r\000e\000s\000\040\000r\000e\000c\000i\000p\000i\000e\000n\000t\000:\000\040\000N\000o}{section.3.14}% 79
\BOOKMARK [2][-]{subsection.3.14.3}{\376\377\000S\000u\000p\000p\000l\000e\000m\000e\000n\000t\000a\000r\000y\000\040\000f\000i\000e\000l\000d\000s\000:\000\040\000m\000o\000d\000e\000s\000\040}{section.3.14}% 80
\BOOKMARK [2][-]{subsection.3.14.4}{\376\377\000Q\000u\000a\000d\000\040\000c\000a\000t\000e\000g\000o\000r\000y\000:\000\040\000M\000A\000T\000E\000R\000I\000A\000L\000\040\000C\000O\000N\000F\000L\000I\000C\000T}{section.3.14}% 81
\BOOKMARK [1][-]{section.3.15}{\376\377\000C\000O\000E\000R\000C\000E}{chapter.3}% 82
\BOOKMARK [2][-]{subsection.3.15.1}{\376\377\000R\000e\000q\000u\000i\000r\000e\000s\000\040\000r\000e\000c\000i\000p\000i\000e\000n\000t\000:\000\040\000N\000o}{section.3.15}% 83
\BOOKMARK [2][-]{subsection.3.15.2}{\376\377\000P\000o\000t\000e\000n\000t\000i\000a\000l\000\040\000a\000m\000b\000i\000g\000u\000i\000t\000i\000e\000s}{section.3.15}% 84
\BOOKMARK [2][-]{subsection.3.15.3}{\376\377\000S\000u\000p\000p\000l\000e\000m\000e\000n\000t\000a\000r\000y\000\040\000f\000i\000e\000l\000d\000s\000:\000\040}{section.3.15}% 85
\BOOKMARK [2][-]{subsection.3.15.4}{\376\377\000Q\000u\000a\000d\000\040\000c\000a\000t\000e\000g\000o\000r\000y\000:\000\040\000M\000A\000T\000E\000R\000I\000A\000L\000\040\000C\000O\000N\000F\000L\000I\000C\000T}{section.3.15}% 86
\BOOKMARK [1][-]{section.3.16}{\376\377\000A\000S\000S\000A\000U\000L\000T}{chapter.3}% 87
\BOOKMARK [2][-]{subsection.3.16.1}{\376\377\000R\000e\000q\000u\000i\000r\000e\000s\000\040\000r\000e\000c\000i\000p\000i\000e\000n\000t\000:\000\040\000N\000o}{section.3.16}% 88
\BOOKMARK [2][-]{subsection.3.16.2}{\376\377\000P\000o\000t\000e\000n\000t\000i\000a\000l\000\040\000a\000m\000b\000i\000g\000u\000i\000t\000i\000e\000s}{section.3.16}% 89
\BOOKMARK [2][-]{subsection.3.16.3}{\376\377\000S\000u\000p\000p\000l\000e\000m\000e\000n\000t\000a\000r\000y\000\040\000f\000i\000e\000l\000d\000s\000:}{section.3.16}% 90
\BOOKMARK [2][-]{subsection.3.16.4}{\376\377\000Q\000u\000a\000d\000\040\000c\000a\000t\000e\000g\000o\000r\000y\000:\000\040\000M\000A\000T\000E\000R\000I\000A\000L\000\040\000C\000O\000N\000F\000L\000I\000C\000T}{section.3.16}% 91
\BOOKMARK [0][-]{chapter.4}{\376\377\000C\000o\000n\000t\000e\000x\000t\000s}{}% 92
\BOOKMARK [1][-]{section.4.1}{\376\377\000M\000i\000l\000i\000t\000a\000r\000y}{chapter.4}% 93
\BOOKMARK [1][-]{section.4.2}{\376\377\000I\000n\000t\000e\000l\000l\000i\000g\000e\000n\000c\000e}{chapter.4}% 94
\BOOKMARK [1][-]{section.4.3}{\376\377\000E\000x\000e\000c\000u\000t\000i\000v\000e}{chapter.4}% 95
\BOOKMARK [1][-]{section.4.4}{\376\377\000L\000e\000g\000i\000s\000l\000a\000t\000i\000v\000e}{chapter.4}% 96
\BOOKMARK [1][-]{section.4.5}{\376\377\000E\000l\000e\000c\000t\000i\000o\000n}{chapter.4}% 97
\BOOKMARK [1][-]{section.4.6}{\376\377\000P\000o\000l\000i\000t\000i\000c\000a\000l\000\040\000I\000n\000s\000t\000i\000t\000u\000t\000i\000o\000n\000s}{chapter.4}% 98
\BOOKMARK [1][-]{section.4.7}{\376\377\000P\000r\000o\000-\000d\000e\000m\000o\000c\000r\000a\000c\000y}{chapter.4}% 99
\BOOKMARK [1][-]{section.4.8}{\376\377\000P\000r\000o\000-\000a\000u\000t\000o\000c\000r\000a\000c\000y}{chapter.4}% 100
\BOOKMARK [1][-]{section.4.9}{\376\377\000E\000c\000o\000n\000o\000m\000i\000c}{chapter.4}% 101
\BOOKMARK [1][-]{section.4.10}{\376\377\000L\000e\000g\000a\000l}{chapter.4}% 102
\BOOKMARK [1][-]{section.4.11}{\376\377\000R\000e\000p\000a\000r\000a\000t\000i\000o\000n\000s}{chapter.4}% 103
\BOOKMARK [1][-]{section.4.12}{\376\377\000H\000u\000m\000a\000n\000\040\000R\000i\000g\000h\000t\000s}{chapter.4}% 104
\BOOKMARK [1][-]{section.4.13}{\376\377\000R\000i\000g\000h\000t\000s\000\040\000F\000r\000e\000e\000d\000o\000m\000s}{chapter.4}% 105
\BOOKMARK [1][-]{section.4.14}{\376\377\000R\000e\000p\000r\000e\000s\000s\000i\000o\000n}{chapter.4}% 106
\BOOKMARK [1][-]{section.4.15}{\376\377\000H\000u\000m\000a\000n\000\040\000S\000e\000c\000u\000r\000i\000t\000y}{chapter.4}% 107
\BOOKMARK [1][-]{section.4.16}{\376\377\000G\000e\000n\000d\000e\000r}{chapter.4}% 108
\BOOKMARK [1][-]{section.4.17}{\376\377\000L\000G\000B\000T}{chapter.4}% 109
\BOOKMARK [1][-]{section.4.18}{\376\377\000R\000e\000l\000i\000g\000i\000o\000n\000\040\000E\000t\000h\000n\000i\000c\000i\000t\000y}{chapter.4}% 110
\BOOKMARK [1][-]{section.4.19}{\376\377\000I\000n\000e\000q\000u\000a\000l\000i\000t\000y}{chapter.4}% 111
\BOOKMARK [1][-]{section.4.20}{\376\377\000D\000i\000p\000l\000o\000m\000a\000t\000i\000c}{chapter.4}% 112
\BOOKMARK [1][-]{section.4.21}{\376\377\000T\000e\000r\000r\000i\000t\000o\000r\000y}{chapter.4}% 113
\BOOKMARK [1][-]{section.4.22}{\376\377\000P\000e\000a\000c\000e\000k\000e\000e\000p\000i\000n\000g}{chapter.4}% 114
\BOOKMARK [1][-]{section.4.23}{\376\377\000H\000e\000a\000l\000t\000h}{chapter.4}% 115
\BOOKMARK [1][-]{section.4.24}{\376\377\000A\000s\000y\000l\000u\000m}{chapter.4}% 116
\BOOKMARK [1][-]{section.4.25}{\376\377\000M\000i\000g\000r\000a\000t\000i\000o\000n}{chapter.4}% 117
\BOOKMARK [1][-]{section.4.26}{\376\377\000D\000i\000s\000a\000s\000t\000e\000r\000s}{chapter.4}% 118
\BOOKMARK [1][-]{section.4.27}{\376\377\000N\000a\000t\000u\000r\000a\000l\000\040\000R\000e\000s\000o\000u\000r\000c\000e}{chapter.4}% 119
\BOOKMARK [1][-]{section.4.28}{\376\377\000E\000n\000v\000i\000r\000o\000n\000m\000e\000n\000t}{chapter.4}% 120
\BOOKMARK [1][-]{section.4.29}{\376\377\000T\000e\000c\000h\000n\000o\000l\000o\000g\000y}{chapter.4}% 121
\BOOKMARK [1][-]{section.4.30}{\376\377\000T\000e\000r\000r\000o\000r\000i\000s\000m}{chapter.4}% 122
\BOOKMARK [1][-]{section.4.31}{\376\377\000C\000B\000R\000N}{chapter.4}% 123
\BOOKMARK [1][-]{section.4.32}{\376\377\000C\000y\000b\000e\000r}{chapter.4}% 124
\BOOKMARK [1][-]{section.4.33}{\376\377\000M\000i\000s\000i\000n\000f\000o\000r\000m\000a\000t\000i\000o\000n}{chapter.4}% 125
\BOOKMARK [1][-]{section.4.34}{\376\377\000C\000r\000i\000m\000e}{chapter.4}% 126
\BOOKMARK [1][-]{section.4.35}{\376\377\000C\000o\000r\000r\000u\000p\000t\000i\000o\000n}{chapter.4}% 127
\BOOKMARK [1][-]{section.4.36}{\376\377\000I\000l\000l\000e\000g\000a\000l\000\040\000D\000r\000u\000g\000s}{chapter.4}% 128
\BOOKMARK [1][-]{section.4.37}{\376\377\000T\000r\000a\000f\000f\000i\000c\000k\000i\000n\000g}{chapter.4}% 129
\BOOKMARK [0][-]{chapter.5}{\376\377\000C\000o\000u\000n\000t\000r\000y\000\040\000N\000a\000m\000e\000s\000\040\000a\000n\000d\000\040\000S\000e\000c\000t\000o\000r\000\040\000C\000o\000d\000e\000s}{}% 130
\BOOKMARK [1][-]{section.5.1}{\376\377\000C\000o\000u\000n\000t\000r\000y\000\040\000n\000a\000m\000e\000s}{chapter.5}% 131
\BOOKMARK [2][-]{subsection.5.1.1}{\376\377\000N\000o\000n\000-\000s\000t\000a\000t\000e\000\040\000i\000n\000t\000e\000r\000n\000a\000t\000i\000o\000n\000a\000l\000\040\000a\000c\000t\000o\000r\000s}{section.5.1}% 132
\BOOKMARK [2][-]{subsection.5.1.2}{\376\377\000N\000o\000n\000-\000i\000n\000d\000e\000p\000e\000n\000d\000e\000n\000t\000\040\000t\000e\000r\000r\000i\000t\000o\000r\000i\000e\000s\000\040\000w\000i\000t\000h\000\040\000a\000\040\000s\000e\000p\000a\000r\000a\000t\000e\000\040\000I\000S\000O\000\040\000c\000o\000d\000e}{section.5.1}% 133
\BOOKMARK [2][-]{subsection.5.1.3}{\376\377\000P\000a\000r\000t\000i\000a\000l\000l\000y\000\040\000r\000e\000c\000o\000g\000n\000i\000z\000e\000d\000\040\000\050\000d\000i\000s\000p\000u\000t\000e\000d\000\051\000\040\000e\000n\000t\000i\000t\000i\000e\000s}{section.5.1}% 134
\BOOKMARK [1][-]{section.5.2}{\376\377\000S\000e\000c\000t\000o\000r\000\040\000C\000o\000d\000e\000s}{chapter.5}% 135
\BOOKMARK [2][-]{subsection.5.2.1}{\376\377\000S\000e\000c\000t\000o\000r\000\040\000c\000o\000d\000e\000\040\000n\000o\000t\000e\000s}{section.5.2}% 136
\BOOKMARK [0][-]{chapter.6}{\376\377\000D\000a\000t\000a\000\040\000F\000i\000e\000l\000d\000s}{}% 137
\BOOKMARK [1][-]{section.6.1}{\376\377\000A\000d\000d\000i\000n\000g\000\040\000t\000o\000\040\000P\000L\000O\000V\000E\000R\000:\000\040\000p\000r\000o\000t\000e\000s\000t\000\040\000e\000x\000a\000m\000p\000l\000e}{chapter.6}% 138
\BOOKMARK [0][-]{chapter.7}{\376\377\000C\000A\000M\000E\000O\000\040\000v\000s\000.\000\040\000P\000L\000O\000V\000E\000R}{}% 139
\BOOKMARK [1][-]{section.7.1}{\376\377\000S\000u\000m\000m\000a\000r\000y\000\040\000o\000f\000\040\000c\000h\000a\000n\000g\000e\000s}{chapter.7}% 140
\BOOKMARK [1][-]{section.7.2}{\376\377\000C\000A\000M\000E\000O\000\040\000t\000o\000\040\000P\000L\000O\000V\000E\000R\000\040\000t\000r\000a\000n\000s\000l\000a\000t\000i\000o\000n}{chapter.7}% 141
\BOOKMARK [1][-]{section.7.3}{\376\377\000S\000u\000m\000m\000a\000r\000y\000\040\000o\000f\000\040\000e\000v\000e\000n\000t\000\040\000c\000a\000t\000e\000g\000o\000r\000i\000e\000s\000\040}{chapter.7}% 142
\BOOKMARK [1][-]{section.7.4}{\376\377\000A\000\040\000n\000o\000t\000e\000\040\000o\000n\000\040\000C\000R\000I\000M\000E}{chapter.7}% 143
\BOOKMARK [1][-]{section.7.5}{\376\377\000S\000o\000m\000e\000\040\000r\000e\000s\000i\000d\000u\000a\000l\000\040\000i\000s\000s\000u\000e\000s}{chapter.7}% 144
